This is pdfTeX, Version 3.14159265-2.6-1.40.16 (TeX Live 2015) (preloaded format=pdflatex 2015.12.9)  17 MAY 2017 14:09
entering extended mode
 restricted \write18 enabled.
 file:line:error style messages enabled.
 %&-line parsing enabled.
**md___users_julenherrera__net_beans_projects__s_p_q08__r_e_a_d_m_e.tex
(./md___users_julenherrera__net_beans_projects__s_p_q08__r_e_a_d_m_e.tex
LaTeX2e <2015/01/01>
Babel <3.9l> and hyphenation patterns for 79 languages loaded.
./md___users_julenherrera__net_beans_projects__s_p_q08__r_e_a_d_m_e.tex:1: Unde
fined control sequence.
l.1 \subsection
               *{Mail Application}
? 
./md___users_julenherrera__net_beans_projects__s_p_q08__r_e_a_d_m_e.tex:1: Emer
gency stop.
l.1 \subsection
               *{Mail Application}
End of file on the terminal!

 
Here is how much of TeX's memory you used:
 5 strings out of 493089
 359 string characters out of 6134842
 53199 words of memory out of 5000000
 3590 multiletter control sequences out of 15000+600000
 3640 words of font info for 14 fonts, out of 8000000 for 9000
 1141 hyphenation exceptions out of 8191
 5i,0n,1p,102b,8s stack positions out of 5000i,500n,10000p,200000b,80000s
./md___users_julenherrera__net_beans_projects__s_p_q08__r_e_a_d_m_e.tex:1:  ==>
 Fatal error occurred, no output PDF file produced!
